

Started GET "/" for 127.0.0.1 at 2015-04-05 22:13:02 -0300
Processing by Rails::WelcomeController#index as HTML
  Rendered /home/gddcarvalho/.rvm/gems/ruby-2.1.4/gems/railties-4.1.8/lib/rails/templates/rails/welcome/index.html.erb (5.9ms)
Completed 200 OK in 165ms (Views: 140.4ms | ActiveRecord: 0.0ms)


Started GET "/" for 127.0.0.1 at 2015-04-05 22:13:54 -0300

ActionController::RoutingError (uninitialized constant WelcomeController):
  activesupport (4.1.8) lib/active_support/inflector/methods.rb:238:in `const_get'
  activesupport (4.1.8) lib/active_support/inflector/methods.rb:238:in `block in constantize'
  activesupport (4.1.8) lib/active_support/inflector/methods.rb:236:in `each'
  activesupport (4.1.8) lib/active_support/inflector/methods.rb:236:in `inject'
  activesupport (4.1.8) lib/active_support/inflector/methods.rb:236:in `constantize'
  actionpack (4.1.8) lib/action_dispatch/routing/route_set.rb:78:in `controller_reference'
  actionpack (4.1.8) lib/action_dispatch/routing/route_set.rb:68:in `controller'
  actionpack (4.1.8) lib/action_dispatch/routing/route_set.rb:46:in `call'
  actionpack (4.1.8) lib/action_dispatch/journey/router.rb:73:in `block in call'
  actionpack (4.1.8) lib/action_dispatch/journey/router.rb:59:in `each'
  actionpack (4.1.8) lib/action_dispatch/journey/router.rb:59:in `call'
  actionpack (4.1.8) lib/action_dispatch/routing/route_set.rb:678:in `call'
  rack (1.5.2) lib/rack/etag.rb:23:in `call'
  rack (1.5.2) lib/rack/conditionalget.rb:25:in `call'
  rack (1.5.2) lib/rack/head.rb:11:in `call'
  actionpack (4.1.8) lib/action_dispatch/middleware/params_parser.rb:27:in `call'
  actionpack (4.1.8) lib/action_dispatch/middleware/flash.rb:254:in `call'
  rack (1.5.2) lib/rack/session/abstract/id.rb:225:in `context'
  rack (1.5.2) lib/rack/session/abstract/id.rb:220:in `call'
  actionpack (4.1.8) lib/action_dispatch/middleware/cookies.rb:560:in `call'
  activerecord (4.1.8) lib/active_record/query_cache.rb:36:in `call'
  activerecord (4.1.8) lib/active_record/connection_adapters/abstract/connection_pool.rb:621:in `call'
  activerecord (4.1.8) lib/active_record/migration.rb:380:in `call'
  actionpack (4.1.8) lib/action_dispatch/middleware/callbacks.rb:29:in `block in call'
  activesupport (4.1.8) lib/active_support/callbacks.rb:82:in `run_callbacks'
  actionpack (4.1.8) lib/action_dispatch/middleware/callbacks.rb:27:in `call'
  actionpack (4.1.8) lib/action_dispatch/middleware/reloader.rb:73:in `call'
  actionpack (4.1.8) lib/action_dispatch/middleware/remote_ip.rb:76:in `call'
  actionpack (4.1.8) lib/action_dispatch/middleware/debug_exceptions.rb:17:in `call'
  actionpack (4.1.8) lib/action_dispatch/middleware/show_exceptions.rb:30:in `call'
  railties (4.1.8) lib/rails/rack/logger.rb:38:in `call_app'
  railties (4.1.8) lib/rails/rack/logger.rb:20:in `block in call'
  activesupport (4.1.8) lib/active_support/tagged_logging.rb:68:in `block in tagged'
  activesupport (4.1.8) lib/active_support/tagged_logging.rb:26:in `tagged'
  activesupport (4.1.8) lib/active_support/tagged_logging.rb:68:in `tagged'
  railties (4.1.8) lib/rails/rack/logger.rb:20:in `call'
  actionpack (4.1.8) lib/action_dispatch/middleware/request_id.rb:21:in `call'
  rack (1.5.2) lib/rack/methodoverride.rb:21:in `call'
  rack (1.5.2) lib/rack/runtime.rb:17:in `call'
  activesupport (4.1.8) lib/active_support/cache/strategy/local_cache_middleware.rb:26:in `call'
  rack (1.5.2) lib/rack/lock.rb:17:in `call'
  actionpack (4.1.8) lib/action_dispatch/middleware/static.rb:84:in `call'
  rack (1.5.2) lib/rack/sendfile.rb:112:in `call'
  railties (4.1.8) lib/rails/engine.rb:514:in `call'
  railties (4.1.8) lib/rails/application.rb:144:in `call'
  rack (1.5.2) lib/rack/lock.rb:17:in `call'
  rack (1.5.2) lib/rack/content_length.rb:14:in `call'
  rack (1.5.2) lib/rack/handler/webrick.rb:60:in `service'
  /home/gddcarvalho/.rvm/rubies/ruby-2.1.4/lib/ruby/2.1.0/webrick/httpserver.rb:138:in `service'
  /home/gddcarvalho/.rvm/rubies/ruby-2.1.4/lib/ruby/2.1.0/webrick/httpserver.rb:94:in `run'
  /home/gddcarvalho/.rvm/rubies/ruby-2.1.4/lib/ruby/2.1.0/webrick/server.rb:295:in `block in start_thread'


  Rendered /home/gddcarvalho/.rvm/gems/ruby-2.1.4/gems/actionpack-4.1.8/lib/action_dispatch/middleware/templates/rescues/_trace.html.erb (4.3ms)
  Rendered /home/gddcarvalho/.rvm/gems/ruby-2.1.4/gems/actionpack-4.1.8/lib/action_dispatch/middleware/templates/routes/_route.html.erb (1.8ms)
  Rendered /home/gddcarvalho/.rvm/gems/ruby-2.1.4/gems/actionpack-4.1.8/lib/action_dispatch/middleware/templates/routes/_table.html.erb (81.2ms)
  Rendered /home/gddcarvalho/.rvm/gems/ruby-2.1.4/gems/actionpack-4.1.8/lib/action_dispatch/middleware/templates/rescues/routing_error.html.erb within rescues/layout (235.1ms)


Started GET "/" for 127.0.0.1 at 2015-04-05 22:15:33 -0300

ActionController::RoutingError (uninitialized constant ApplicationControllerController):
  activesupport (4.1.8) lib/active_support/inflector/methods.rb:238:in `const_get'
  activesupport (4.1.8) lib/active_support/inflector/methods.rb:238:in `block in constantize'
  activesupport (4.1.8) lib/active_support/inflector/methods.rb:236:in `each'
  activesupport (4.1.8) lib/active_support/inflector/methods.rb:236:in `inject'
  activesupport (4.1.8) lib/active_support/inflector/methods.rb:236:in `constantize'
  actionpack (4.1.8) lib/action_dispatch/routing/route_set.rb:78:in `controller_reference'
  actionpack (4.1.8) lib/action_dispatch/routing/route_set.rb:68:in `controller'
  actionpack (4.1.8) lib/action_dispatch/routing/route_set.rb:46:in `call'
  actionpack (4.1.8) lib/action_dispatch/journey/router.rb:73:in `block in call'
  actionpack (4.1.8) lib/action_dispatch/journey/router.rb:59:in `each'
  actionpack (4.1.8) lib/action_dispatch/journey/router.rb:59:in `call'
  actionpack (4.1.8) lib/action_dispatch/routing/route_set.rb:678:in `call'
  rack (1.5.2) lib/rack/etag.rb:23:in `call'
  rack (1.5.2) lib/rack/conditionalget.rb:25:in `call'
  rack (1.5.2) lib/rack/head.rb:11:in `call'
  actionpack (4.1.8) lib/action_dispatch/middleware/params_parser.rb:27:in `call'
  actionpack (4.1.8) lib/action_dispatch/middleware/flash.rb:254:in `call'
  rack (1.5.2) lib/rack/session/abstract/id.rb:225:in `context'
  rack (1.5.2) lib/rack/session/abstract/id.rb:220:in `call'
  actionpack (4.1.8) lib/action_dispatch/middleware/cookies.rb:560:in `call'
  activerecord (4.1.8) lib/active_record/query_cache.rb:36:in `call'
  activerecord (4.1.8) lib/active_record/connection_adapters/abstract/connection_pool.rb:621:in `call'
  activerecord (4.1.8) lib/active_record/migration.rb:380:in `call'
  actionpack (4.1.8) lib/action_dispatch/middleware/callbacks.rb:29:in `block in call'
  activesupport (4.1.8) lib/active_support/callbacks.rb:82:in `run_callbacks'
  actionpack (4.1.8) lib/action_dispatch/middleware/callbacks.rb:27:in `call'
  actionpack (4.1.8) lib/action_dispatch/middleware/reloader.rb:73:in `call'
  actionpack (4.1.8) lib/action_dispatch/middleware/remote_ip.rb:76:in `call'
  actionpack (4.1.8) lib/action_dispatch/middleware/debug_exceptions.rb:17:in `call'
  actionpack (4.1.8) lib/action_dispatch/middleware/show_exceptions.rb:30:in `call'
  railties (4.1.8) lib/rails/rack/logger.rb:38:in `call_app'
  railties (4.1.8) lib/rails/rack/logger.rb:20:in `block in call'
  activesupport (4.1.8) lib/active_support/tagged_logging.rb:68:in `block in tagged'
  activesupport (4.1.8) lib/active_support/tagged_logging.rb:26:in `tagged'
  activesupport (4.1.8) lib/active_support/tagged_logging.rb:68:in `tagged'
  railties (4.1.8) lib/rails/rack/logger.rb:20:in `call'
  actionpack (4.1.8) lib/action_dispatch/middleware/request_id.rb:21:in `call'
  rack (1.5.2) lib/rack/methodoverride.rb:21:in `call'
  rack (1.5.2) lib/rack/runtime.rb:17:in `call'
  activesupport (4.1.8) lib/active_support/cache/strategy/local_cache_middleware.rb:26:in `call'
  rack (1.5.2) lib/rack/lock.rb:17:in `call'
  actionpack (4.1.8) lib/action_dispatch/middleware/static.rb:84:in `call'
  rack (1.5.2) lib/rack/sendfile.rb:112:in `call'
  railties (4.1.8) lib/rails/engine.rb:514:in `call'
  railties (4.1.8) lib/rails/application.rb:144:in `call'
  rack (1.5.2) lib/rack/lock.rb:17:in `call'
  rack (1.5.2) lib/rack/content_length.rb:14:in `call'
  rack (1.5.2) lib/rack/handler/webrick.rb:60:in `service'
  /home/gddcarvalho/.rvm/rubies/ruby-2.1.4/lib/ruby/2.1.0/webrick/httpserver.rb:138:in `service'
  /home/gddcarvalho/.rvm/rubies/ruby-2.1.4/lib/ruby/2.1.0/webrick/httpserver.rb:94:in `run'
  /home/gddcarvalho/.rvm/rubies/ruby-2.1.4/lib/ruby/2.1.0/webrick/server.rb:295:in `block in start_thread'


  Rendered /home/gddcarvalho/.rvm/gems/ruby-2.1.4/gems/actionpack-4.1.8/lib/action_dispatch/middleware/templates/rescues/_trace.html.erb (13.2ms)
  Rendered /home/gddcarvalho/.rvm/gems/ruby-2.1.4/gems/actionpack-4.1.8/lib/action_dispatch/middleware/templates/routes/_route.html.erb (1.9ms)
  Rendered /home/gddcarvalho/.rvm/gems/ruby-2.1.4/gems/actionpack-4.1.8/lib/action_dispatch/middleware/templates/routes/_table.html.erb (2.8ms)
  Rendered /home/gddcarvalho/.rvm/gems/ruby-2.1.4/gems/actionpack-4.1.8/lib/action_dispatch/middleware/templates/rescues/routing_error.html.erb within rescues/layout (100.2ms)


Started GET "/" for 127.0.0.1 at 2015-04-05 22:15:34 -0300

ActionController::RoutingError (uninitialized constant ApplicationControllerController):
  activesupport (4.1.8) lib/active_support/inflector/methods.rb:238:in `const_get'
  activesupport (4.1.8) lib/active_support/inflector/methods.rb:238:in `block in constantize'
  activesupport (4.1.8) lib/active_support/inflector/methods.rb:236:in `each'
  activesupport (4.1.8) lib/active_support/inflector/methods.rb:236:in `inject'
  activesupport (4.1.8) lib/active_support/inflector/methods.rb:236:in `constantize'
  actionpack (4.1.8) lib/action_dispatch/routing/route_set.rb:78:in `controller_reference'
  actionpack (4.1.8) lib/action_dispatch/routing/route_set.rb:68:in `controller'
  actionpack (4.1.8) lib/action_dispatch/routing/route_set.rb:46:in `call'
  actionpack (4.1.8) lib/action_dispatch/journey/router.rb:73:in `block in call'
  actionpack (4.1.8) lib/action_dispatch/journey/router.rb:59:in `each'
  actionpack (4.1.8) lib/action_dispatch/journey/router.rb:59:in `call'
  actionpack (4.1.8) lib/action_dispatch/routing/route_set.rb:678:in `call'
  rack (1.5.2) lib/rack/etag.rb:23:in `call'
  rack (1.5.2) lib/rack/conditionalget.rb:25:in `call'
  rack (1.5.2) lib/rack/head.rb:11:in `call'
  actionpack (4.1.8) lib/action_dispatch/middleware/params_parser.rb:27:in `call'
  actionpack (4.1.8) lib/action_dispatch/middleware/flash.rb:254:in `call'
  rack (1.5.2) lib/rack/session/abstract/id.rb:225:in `context'
  rack (1.5.2) lib/rack/session/abstract/id.rb:220:in `call'
  actionpack (4.1.8) lib/action_dispatch/middleware/cookies.rb:560:in `call'
  activerecord (4.1.8) lib/active_record/query_cache.rb:36:in `call'
  activerecord (4.1.8) lib/active_record/connection_adapters/abstract/connection_pool.rb:621:in `call'
  activerecord (4.1.8) lib/active_record/migration.rb:380:in `call'
  actionpack (4.1.8) lib/action_dispatch/middleware/callbacks.rb:29:in `block in call'
  activesupport (4.1.8) lib/active_support/callbacks.rb:82:in `run_callbacks'
  actionpack (4.1.8) lib/action_dispatch/middleware/callbacks.rb:27:in `call'
  actionpack (4.1.8) lib/action_dispatch/middleware/reloader.rb:73:in `call'
  actionpack (4.1.8) lib/action_dispatch/middleware/remote_ip.rb:76:in `call'
  actionpack (4.1.8) lib/action_dispatch/middleware/debug_exceptions.rb:17:in `call'
  actionpack (4.1.8) lib/action_dispatch/middleware/show_exceptions.rb:30:in `call'
  railties (4.1.8) lib/rails/rack/logger.rb:38:in `call_app'
  railties (4.1.8) lib/rails/rack/logger.rb:20:in `block in call'
  activesupport (4.1.8) lib/active_support/tagged_logging.rb:68:in `block in tagged'
  activesupport (4.1.8) lib/active_support/tagged_logging.rb:26:in `tagged'
  activesupport (4.1.8) lib/active_support/tagged_logging.rb:68:in `tagged'
  railties (4.1.8) lib/rails/rack/logger.rb:20:in `call'
  actionpack (4.1.8) lib/action_dispatch/middleware/request_id.rb:21:in `call'
  rack (1.5.2) lib/rack/methodoverride.rb:21:in `call'
  rack (1.5.2) lib/rack/runtime.rb:17:in `call'
  activesupport (4.1.8) lib/active_support/cache/strategy/local_cache_middleware.rb:26:in `call'
  rack (1.5.2) lib/rack/lock.rb:17:in `call'
  actionpack (4.1.8) lib/action_dispatch/middleware/static.rb:84:in `call'
  rack (1.5.2) lib/rack/sendfile.rb:112:in `call'
  railties (4.1.8) lib/rails/engine.rb:514:in `call'
  railties (4.1.8) lib/rails/application.rb:144:in `call'
  rack (1.5.2) lib/rack/lock.rb:17:in `call'
  rack (1.5.2) lib/rack/content_length.rb:14:in `call'
  rack (1.5.2) lib/rack/handler/webrick.rb:60:in `service'
  /home/gddcarvalho/.rvm/rubies/ruby-2.1.4/lib/ruby/2.1.0/webrick/httpserver.rb:138:in `service'
  /home/gddcarvalho/.rvm/rubies/ruby-2.1.4/lib/ruby/2.1.0/webrick/httpserver.rb:94:in `run'
  /home/gddcarvalho/.rvm/rubies/ruby-2.1.4/lib/ruby/2.1.0/webrick/server.rb:295:in `block in start_thread'


  Rendered /home/gddcarvalho/.rvm/gems/ruby-2.1.4/gems/actionpack-4.1.8/lib/action_dispatch/middleware/templates/rescues/_trace.html.erb (6.2ms)
  Rendered /home/gddcarvalho/.rvm/gems/ruby-2.1.4/gems/actionpack-4.1.8/lib/action_dispatch/middleware/templates/routes/_route.html.erb (7.2ms)
  Rendered /home/gddcarvalho/.rvm/gems/ruby-2.1.4/gems/actionpack-4.1.8/lib/action_dispatch/middleware/templates/routes/_table.html.erb (7.2ms)
  Rendered /home/gddcarvalho/.rvm/gems/ruby-2.1.4/gems/actionpack-4.1.8/lib/action_dispatch/middleware/templates/rescues/routing_error.html.erb within rescues/layout (60.5ms)


Started GET "/" for 127.0.0.1 at 2015-04-05 22:15:36 -0300

ActionController::RoutingError (uninitialized constant ApplicationControllerController):
  activesupport (4.1.8) lib/active_support/inflector/methods.rb:238:in `const_get'
  activesupport (4.1.8) lib/active_support/inflector/methods.rb:238:in `block in constantize'
  activesupport (4.1.8) lib/active_support/inflector/methods.rb:236:in `each'
  activesupport (4.1.8) lib/active_support/inflector/methods.rb:236:in `inject'
  activesupport (4.1.8) lib/active_support/inflector/methods.rb:236:in `constantize'
  actionpack (4.1.8) lib/action_dispatch/routing/route_set.rb:78:in `controller_reference'
  actionpack (4.1.8) lib/action_dispatch/routing/route_set.rb:68:in `controller'
  actionpack (4.1.8) lib/action_dispatch/routing/route_set.rb:46:in `call'
  actionpack (4.1.8) lib/action_dispatch/journey/router.rb:73:in `block in call'
  actionpack (4.1.8) lib/action_dispatch/journey/router.rb:59:in `each'
  actionpack (4.1.8) lib/action_dispatch/journey/router.rb:59:in `call'
  actionpack (4.1.8) lib/action_dispatch/routing/route_set.rb:678:in `call'
  rack (1.5.2) lib/rack/etag.rb:23:in `call'
  rack (1.5.2) lib/rack/conditionalget.rb:25:in `call'
  rack (1.5.2) lib/rack/head.rb:11:in `call'
  actionpack (4.1.8) lib/action_dispatch/middleware/params_parser.rb:27:in `call'
  actionpack (4.1.8) lib/action_dispatch/middleware/flash.rb:254:in `call'
  rack (1.5.2) lib/rack/session/abstract/id.rb:225:in `context'
  rack (1.5.2) lib/rack/session/abstract/id.rb:220:in `call'
  actionpack (4.1.8) lib/action_dispatch/middleware/cookies.rb:560:in `call'
  activerecord (4.1.8) lib/active_record/query_cache.rb:36:in `call'
  activerecord (4.1.8) lib/active_record/connection_adapters/abstract/connection_pool.rb:621:in `call'
  activerecord (4.1.8) lib/active_record/migration.rb:380:in `call'
  actionpack (4.1.8) lib/action_dispatch/middleware/callbacks.rb:29:in `block in call'
  activesupport (4.1.8) lib/active_support/callbacks.rb:82:in `run_callbacks'
  actionpack (4.1.8) lib/action_dispatch/middleware/callbacks.rb:27:in `call'
  actionpack (4.1.8) lib/action_dispatch/middleware/reloader.rb:73:in `call'
  actionpack (4.1.8) lib/action_dispatch/middleware/remote_ip.rb:76:in `call'
  actionpack (4.1.8) lib/action_dispatch/middleware/debug_exceptions.rb:17:in `call'
  actionpack (4.1.8) lib/action_dispatch/middleware/show_exceptions.rb:30:in `call'
  railties (4.1.8) lib/rails/rack/logger.rb:38:in `call_app'
  railties (4.1.8) lib/rails/rack/logger.rb:20:in `block in call'
  activesupport (4.1.8) lib/active_support/tagged_logging.rb:68:in `block in tagged'
  activesupport (4.1.8) lib/active_support/tagged_logging.rb:26:in `tagged'
  activesupport (4.1.8) lib/active_support/tagged_logging.rb:68:in `tagged'
  railties (4.1.8) lib/rails/rack/logger.rb:20:in `call'
  actionpack (4.1.8) lib/action_dispatch/middleware/request_id.rb:21:in `call'
  rack (1.5.2) lib/rack/methodoverride.rb:21:in `call'
  rack (1.5.2) lib/rack/runtime.rb:17:in `call'
  activesupport (4.1.8) lib/active_support/cache/strategy/local_cache_middleware.rb:26:in `call'
  rack (1.5.2) lib/rack/lock.rb:17:in `call'
  actionpack (4.1.8) lib/action_dispatch/middleware/static.rb:84:in `call'
  rack (1.5.2) lib/rack/sendfile.rb:112:in `call'
  railties (4.1.8) lib/rails/engine.rb:514:in `call'
  railties (4.1.8) lib/rails/application.rb:144:in `call'
  rack (1.5.2) lib/rack/lock.rb:17:in `call'
  rack (1.5.2) lib/rack/content_length.rb:14:in `call'
  rack (1.5.2) lib/rack/handler/webrick.rb:60:in `service'
  /home/gddcarvalho/.rvm/rubies/ruby-2.1.4/lib/ruby/2.1.0/webrick/httpserver.rb:138:in `service'
  /home/gddcarvalho/.rvm/rubies/ruby-2.1.4/lib/ruby/2.1.0/webrick/httpserver.rb:94:in `run'
  /home/gddcarvalho/.rvm/rubies/ruby-2.1.4/lib/ruby/2.1.0/webrick/server.rb:295:in `block in start_thread'


  Rendered /home/gddcarvalho/.rvm/gems/ruby-2.1.4/gems/actionpack-4.1.8/lib/action_dispatch/middleware/templates/rescues/_trace.html.erb (3.3ms)
  Rendered /home/gddcarvalho/.rvm/gems/ruby-2.1.4/gems/actionpack-4.1.8/lib/action_dispatch/middleware/templates/routes/_route.html.erb (2.9ms)
  Rendered /home/gddcarvalho/.rvm/gems/ruby-2.1.4/gems/actionpack-4.1.8/lib/action_dispatch/middleware/templates/routes/_table.html.erb (15.8ms)
  Rendered /home/gddcarvalho/.rvm/gems/ruby-2.1.4/gems/actionpack-4.1.8/lib/action_dispatch/middleware/templates/rescues/routing_error.html.erb within rescues/layout (123.4ms)


Started GET "/" for 127.0.0.1 at 2015-04-05 22:16:07 -0300

ArgumentError ('ApplicationController' is not a supported controller name. This can lead to potential routing problems. See http://guides.rubyonrails.org/routing.html#specifying-a-controller-to-use):
  config/routes.rb:6:in `block in <top (required)>'
  config/routes.rb:1:in `<top (required)>'


  Rendered /home/gddcarvalho/.rvm/gems/ruby-2.1.4/gems/actionpack-4.1.8/lib/action_dispatch/middleware/templates/rescues/_source.erb (12.5ms)
  Rendered /home/gddcarvalho/.rvm/gems/ruby-2.1.4/gems/actionpack-4.1.8/lib/action_dispatch/middleware/templates/rescues/_trace.html.erb (61.9ms)
  Rendered /home/gddcarvalho/.rvm/gems/ruby-2.1.4/gems/actionpack-4.1.8/lib/action_dispatch/middleware/templates/rescues/_request_and_response.html.erb (4.2ms)
  Rendered /home/gddcarvalho/.rvm/gems/ruby-2.1.4/gems/actionpack-4.1.8/lib/action_dispatch/middleware/templates/rescues/diagnostics.erb within rescues/layout (215.1ms)


Started GET "/" for 127.0.0.1 at 2015-04-05 22:19:32 -0300
Processing by WelcomeController#index as HTML
  Rendered welcome/index.html.erb within layouts/application (2637.5ms)
Completed 200 OK in 2994ms (Views: 2992.5ms | ActiveRecord: 0.0ms)


Started GET "/assets/application.css?body=1" for 127.0.0.1 at 2015-04-05 22:19:35 -0300


Started GET "/assets/welcome.css?body=1" for 127.0.0.1 at 2015-04-05 22:19:35 -0300


Started GET "/assets/jquery_ujs.js?body=1" for 127.0.0.1 at 2015-04-05 22:19:35 -0300


Started GET "/assets/turbolinks.js?body=1" for 127.0.0.1 at 2015-04-05 22:19:35 -0300


Started GET "/assets/vigenere.js?body=1" for 127.0.0.1 at 2015-04-05 22:19:35 -0300


Started GET "/assets/jquery.js?body=1" for 127.0.0.1 at 2015-04-05 22:19:35 -0300


Started GET "/assets/welcome.js?body=1" for 127.0.0.1 at 2015-04-05 22:19:35 -0300


Started GET "/assets/application.js?body=1" for 127.0.0.1 at 2015-04-05 22:19:35 -0300


Started GET "/main.css" for 127.0.0.1 at 2015-04-05 22:19:35 -0300

ActionController::RoutingError (No route matches [GET] "/main.css"):
  actionpack (4.1.8) lib/action_dispatch/middleware/debug_exceptions.rb:21:in `call'
  actionpack (4.1.8) lib/action_dispatch/middleware/show_exceptions.rb:30:in `call'
  railties (4.1.8) lib/rails/rack/logger.rb:38:in `call_app'
  railties (4.1.8) lib/rails/rack/logger.rb:20:in `block in call'
  activesupport (4.1.8) lib/active_support/tagged_logging.rb:68:in `block in tagged'
  activesupport (4.1.8) lib/active_support/tagged_logging.rb:26:in `tagged'
  activesupport (4.1.8) lib/active_support/tagged_logging.rb:68:in `tagged'
  railties (4.1.8) lib/rails/rack/logger.rb:20:in `call'
  actionpack (4.1.8) lib/action_dispatch/middleware/request_id.rb:21:in `call'
  rack (1.5.2) lib/rack/methodoverride.rb:21:in `call'
  rack (1.5.2) lib/rack/runtime.rb:17:in `call'
  activesupport (4.1.8) lib/active_support/cache/strategy/local_cache_middleware.rb:26:in `call'
  rack (1.5.2) lib/rack/lock.rb:17:in `call'
  actionpack (4.1.8) lib/action_dispatch/middleware/static.rb:84:in `call'
  rack (1.5.2) lib/rack/sendfile.rb:112:in `call'
  railties (4.1.8) lib/rails/engine.rb:514:in `call'
  railties (4.1.8) lib/rails/application.rb:144:in `call'
  rack (1.5.2) lib/rack/lock.rb:17:in `call'
  rack (1.5.2) lib/rack/content_length.rb:14:in `call'
  rack (1.5.2) lib/rack/handler/webrick.rb:60:in `service'
  /home/gddcarvalho/.rvm/rubies/ruby-2.1.4/lib/ruby/2.1.0/webrick/httpserver.rb:138:in `service'
  /home/gddcarvalho/.rvm/rubies/ruby-2.1.4/lib/ruby/2.1.0/webrick/httpserver.rb:94:in `run'
  /home/gddcarvalho/.rvm/rubies/ruby-2.1.4/lib/ruby/2.1.0/webrick/server.rb:295:in `block in start_thread'


  Rendered /home/gddcarvalho/.rvm/gems/ruby-2.1.4/gems/actionpack-4.1.8/lib/action_dispatch/middleware/templates/rescues/_trace.html.erb (3.3ms)
  Rendered /home/gddcarvalho/.rvm/gems/ruby-2.1.4/gems/actionpack-4.1.8/lib/action_dispatch/middleware/templates/routes/_route.html.erb (3.1ms)
  Rendered /home/gddcarvalho/.rvm/gems/ruby-2.1.4/gems/actionpack-4.1.8/lib/action_dispatch/middleware/templates/routes/_table.html.erb (3.6ms)
  Rendered /home/gddcarvalho/.rvm/gems/ruby-2.1.4/gems/actionpack-4.1.8/lib/action_dispatch/middleware/templates/rescues/routing_error.html.erb within rescues/layout (51.1ms)


Started GET "/vigenere.js" for 127.0.0.1 at 2015-04-05 22:19:35 -0300

ActionController::RoutingError (No route matches [GET] "/vigenere.js"):
  actionpack (4.1.8) lib/action_dispatch/middleware/debug_exceptions.rb:21:in `call'
  actionpack (4.1.8) lib/action_dispatch/middleware/show_exceptions.rb:30:in `call'
  railties (4.1.8) lib/rails/rack/logger.rb:38:in `call_app'
  railties (4.1.8) lib/rails/rack/logger.rb:20:in `block in call'
  activesupport (4.1.8) lib/active_support/tagged_logging.rb:68:in `block in tagged'
  activesupport (4.1.8) lib/active_support/tagged_logging.rb:26:in `tagged'
  activesupport (4.1.8) lib/active_support/tagged_logging.rb:68:in `tagged'
  railties (4.1.8) lib/rails/rack/logger.rb:20:in `call'
  actionpack (4.1.8) lib/action_dispatch/middleware/request_id.rb:21:in `call'
  rack (1.5.2) lib/rack/methodoverride.rb:21:in `call'
  rack (1.5.2) lib/rack/runtime.rb:17:in `call'
  activesupport (4.1.8) lib/active_support/cache/strategy/local_cache_middleware.rb:26:in `call'
  rack (1.5.2) lib/rack/lock.rb:17:in `call'
  actionpack (4.1.8) lib/action_dispatch/middleware/static.rb:84:in `call'
  rack (1.5.2) lib/rack/sendfile.rb:112:in `call'
  railties (4.1.8) lib/rails/engine.rb:514:in `call'
  railties (4.1.8) lib/rails/application.rb:144:in `call'
  rack (1.5.2) lib/rack/lock.rb:17:in `call'
  rack (1.5.2) lib/rack/content_length.rb:14:in `call'
  rack (1.5.2) lib/rack/handler/webrick.rb:60:in `service'
  /home/gddcarvalho/.rvm/rubies/ruby-2.1.4/lib/ruby/2.1.0/webrick/httpserver.rb:138:in `service'
  /home/gddcarvalho/.rvm/rubies/ruby-2.1.4/lib/ruby/2.1.0/webrick/httpserver.rb:94:in `run'
  /home/gddcarvalho/.rvm/rubies/ruby-2.1.4/lib/ruby/2.1.0/webrick/server.rb:295:in `block in start_thread'


  Rendered /home/gddcarvalho/.rvm/gems/ruby-2.1.4/gems/actionpack-4.1.8/lib/action_dispatch/middleware/templates/rescues/_trace.html.erb (4.0ms)
  Rendered /home/gddcarvalho/.rvm/gems/ruby-2.1.4/gems/actionpack-4.1.8/lib/action_dispatch/middleware/templates/routes/_route.html.erb (1.9ms)
  Rendered /home/gddcarvalho/.rvm/gems/ruby-2.1.4/gems/actionpack-4.1.8/lib/action_dispatch/middleware/templates/routes/_table.html.erb (2.5ms)
  Rendered /home/gddcarvalho/.rvm/gems/ruby-2.1.4/gems/actionpack-4.1.8/lib/action_dispatch/middleware/templates/rescues/routing_error.html.erb within rescues/layout (41.1ms)


Started GET "/main.js" for 127.0.0.1 at 2015-04-05 22:19:35 -0300

ActionController::RoutingError (No route matches [GET] "/main.js"):
  actionpack (4.1.8) lib/action_dispatch/middleware/debug_exceptions.rb:21:in `call'
  actionpack (4.1.8) lib/action_dispatch/middleware/show_exceptions.rb:30:in `call'
  railties (4.1.8) lib/rails/rack/logger.rb:38:in `call_app'
  railties (4.1.8) lib/rails/rack/logger.rb:20:in `block in call'
  activesupport (4.1.8) lib/active_support/tagged_logging.rb:68:in `block in tagged'
  activesupport (4.1.8) lib/active_support/tagged_logging.rb:26:in `tagged'
  activesupport (4.1.8) lib/active_support/tagged_logging.rb:68:in `tagged'
  railties (4.1.8) lib/rails/rack/logger.rb:20:in `call'
  actionpack (4.1.8) lib/action_dispatch/middleware/request_id.rb:21:in `call'
  rack (1.5.2) lib/rack/methodoverride.rb:21:in `call'
  rack (1.5.2) lib/rack/runtime.rb:17:in `call'
  activesupport (4.1.8) lib/active_support/cache/strategy/local_cache_middleware.rb:26:in `call'
  rack (1.5.2) lib/rack/lock.rb:17:in `call'
  actionpack (4.1.8) lib/action_dispatch/middleware/static.rb:84:in `call'
  rack (1.5.2) lib/rack/sendfile.rb:112:in `call'
  railties (4.1.8) lib/rails/engine.rb:514:in `call'
  railties (4.1.8) lib/rails/application.rb:144:in `call'
  rack (1.5.2) lib/rack/lock.rb:17:in `call'
  rack (1.5.2) lib/rack/content_length.rb:14:in `call'
  rack (1.5.2) lib/rack/handler/webrick.rb:60:in `service'
  /home/gddcarvalho/.rvm/rubies/ruby-2.1.4/lib/ruby/2.1.0/webrick/httpserver.rb:138:in `service'
  /home/gddcarvalho/.rvm/rubies/ruby-2.1.4/lib/ruby/2.1.0/webrick/httpserver.rb:94:in `run'
  /home/gddcarvalho/.rvm/rubies/ruby-2.1.4/lib/ruby/2.1.0/webrick/server.rb:295:in `block in start_thread'


  Rendered /home/gddcarvalho/.rvm/gems/ruby-2.1.4/gems/actionpack-4.1.8/lib/action_dispatch/middleware/templates/rescues/_trace.html.erb (3.7ms)
  Rendered /home/gddcarvalho/.rvm/gems/ruby-2.1.4/gems/actionpack-4.1.8/lib/action_dispatch/middleware/templates/routes/_route.html.erb (2.1ms)
  Rendered /home/gddcarvalho/.rvm/gems/ruby-2.1.4/gems/actionpack-4.1.8/lib/action_dispatch/middleware/templates/routes/_table.html.erb (21.0ms)
  Rendered /home/gddcarvalho/.rvm/gems/ruby-2.1.4/gems/actionpack-4.1.8/lib/action_dispatch/middleware/templates/rescues/routing_error.html.erb within rescues/layout (70.0ms)


Started GET "/assets/jquery.js?body=1" for 127.0.0.1 at 2015-04-05 22:19:35 -0300


Started GET "/assets/jquery_ujs.js?body=1" for 127.0.0.1 at 2015-04-05 22:19:36 -0300


Started GET "/assets/turbolinks.js?body=1" for 127.0.0.1 at 2015-04-05 22:19:36 -0300


Started GET "/assets/vigenere.js?body=1" for 127.0.0.1 at 2015-04-05 22:19:36 -0300


Started GET "/assets/welcome.js?body=1" for 127.0.0.1 at 2015-04-05 22:19:36 -0300


Started GET "/assets/application.js?body=1" for 127.0.0.1 at 2015-04-05 22:19:36 -0300


Started GET "/" for 127.0.0.1 at 2015-04-05 22:20:28 -0300
Processing by WelcomeController#index as HTML
  Rendered welcome/index.html.erb within layouts/application (279.1ms)
Completed 200 OK in 533ms (Views: 528.6ms | ActiveRecord: 0.0ms)


Started GET "/assets/welcome.css?body=1" for 127.0.0.1 at 2015-04-05 22:20:28 -0300


Started GET "/assets/application.css?body=1" for 127.0.0.1 at 2015-04-05 22:20:28 -0300


Started GET "/assets/welcome.js?body=1" for 127.0.0.1 at 2015-04-05 22:20:28 -0300


Started GET "/assets/jquery.js?body=1" for 127.0.0.1 at 2015-04-05 22:20:28 -0300


Started GET "/assets/jquery_ujs.js?body=1" for 127.0.0.1 at 2015-04-05 22:20:28 -0300


Started GET "/assets/turbolinks.js?body=1" for 127.0.0.1 at 2015-04-05 22:20:28 -0300


Started GET "/assets/application.js?body=1" for 127.0.0.1 at 2015-04-05 22:20:28 -0300


Started GET "/assets/vigenere.js?body=1" for 127.0.0.1 at 2015-04-05 22:20:28 -0300


Started GET "/main.css" for 127.0.0.1 at 2015-04-05 22:20:28 -0300

ActionController::RoutingError (No route matches [GET] "/main.css"):
  actionpack (4.1.8) lib/action_dispatch/middleware/debug_exceptions.rb:21:in `call'
  actionpack (4.1.8) lib/action_dispatch/middleware/show_exceptions.rb:30:in `call'
  railties (4.1.8) lib/rails/rack/logger.rb:38:in `call_app'
  railties (4.1.8) lib/rails/rack/logger.rb:20:in `block in call'
  activesupport (4.1.8) lib/active_support/tagged_logging.rb:68:in `block in tagged'
  activesupport (4.1.8) lib/active_support/tagged_logging.rb:26:in `tagged'
  activesupport (4.1.8) lib/active_support/tagged_logging.rb:68:in `tagged'
  railties (4.1.8) lib/rails/rack/logger.rb:20:in `call'
  actionpack (4.1.8) lib/action_dispatch/middleware/request_id.rb:21:in `call'
  rack (1.5.2) lib/rack/methodoverride.rb:21:in `call'
  rack (1.5.2) lib/rack/runtime.rb:17:in `call'
  activesupport (4.1.8) lib/active_support/cache/strategy/local_cache_middleware.rb:26:in `call'
  rack (1.5.2) lib/rack/lock.rb:17:in `call'
  actionpack (4.1.8) lib/action_dispatch/middleware/static.rb:84:in `call'
  rack (1.5.2) lib/rack/sendfile.rb:112:in `call'
  railties (4.1.8) lib/rails/engine.rb:514:in `call'
  railties (4.1.8) lib/rails/application.rb:144:in `call'
  rack (1.5.2) lib/rack/lock.rb:17:in `call'
  rack (1.5.2) lib/rack/content_length.rb:14:in `call'
  rack (1.5.2) lib/rack/handler/webrick.rb:60:in `service'
  /home/gddcarvalho/.rvm/rubies/ruby-2.1.4/lib/ruby/2.1.0/webrick/httpserver.rb:138:in `service'
  /home/gddcarvalho/.rvm/rubies/ruby-2.1.4/lib/ruby/2.1.0/webrick/httpserver.rb:94:in `run'
  /home/gddcarvalho/.rvm/rubies/ruby-2.1.4/lib/ruby/2.1.0/webrick/server.rb:295:in `block in start_thread'


  Rendered /home/gddcarvalho/.rvm/gems/ruby-2.1.4/gems/actionpack-4.1.8/lib/action_dispatch/middleware/templates/rescues/_trace.html.erb (4.7ms)
  Rendered /home/gddcarvalho/.rvm/gems/ruby-2.1.4/gems/actionpack-4.1.8/lib/action_dispatch/middleware/templates/routes/_route.html.erb (2.6ms)
  Rendered /home/gddcarvalho/.rvm/gems/ruby-2.1.4/gems/actionpack-4.1.8/lib/action_dispatch/middleware/templates/routes/_table.html.erb (3.8ms)
  Rendered /home/gddcarvalho/.rvm/gems/ruby-2.1.4/gems/actionpack-4.1.8/lib/action_dispatch/middleware/templates/rescues/routing_error.html.erb within rescues/layout (39.5ms)


Started GET "/vigenere.js" for 127.0.0.1 at 2015-04-05 22:20:28 -0300

ActionController::RoutingError (No route matches [GET] "/vigenere.js"):
  actionpack (4.1.8) lib/action_dispatch/middleware/debug_exceptions.rb:21:in `call'
  actionpack (4.1.8) lib/action_dispatch/middleware/show_exceptions.rb:30:in `call'
  railties (4.1.8) lib/rails/rack/logger.rb:38:in `call_app'
  railties (4.1.8) lib/rails/rack/logger.rb:20:in `block in call'
  activesupport (4.1.8) lib/active_support/tagged_logging.rb:68:in `block in tagged'
  activesupport (4.1.8) lib/active_support/tagged_logging.rb:26:in `tagged'
  activesupport (4.1.8) lib/active_support/tagged_logging.rb:68:in `tagged'
  railties (4.1.8) lib/rails/rack/logger.rb:20:in `call'
  actionpack (4.1.8) lib/action_dispatch/middleware/request_id.rb:21:in `call'
  rack (1.5.2) lib/rack/methodoverride.rb:21:in `call'
  rack (1.5.2) lib/rack/runtime.rb:17:in `call'
  activesupport (4.1.8) lib/active_support/cache/strategy/local_cache_middleware.rb:26:in `call'
  rack (1.5.2) lib/rack/lock.rb:17:in `call'
  actionpack (4.1.8) lib/action_dispatch/middleware/static.rb:84:in `call'
  rack (1.5.2) lib/rack/sendfile.rb:112:in `call'
  railties (4.1.8) lib/rails/engine.rb:514:in `call'
  railties (4.1.8) lib/rails/application.rb:144:in `call'
  rack (1.5.2) lib/rack/lock.rb:17:in `call'
  rack (1.5.2) lib/rack/content_length.rb:14:in `call'
  rack (1.5.2) lib/rack/handler/webrick.rb:60:in `service'
  /home/gddcarvalho/.rvm/rubies/ruby-2.1.4/lib/ruby/2.1.0/webrick/httpserver.rb:138:in `service'
  /home/gddcarvalho/.rvm/rubies/ruby-2.1.4/lib/ruby/2.1.0/webrick/httpserver.rb:94:in `run'
  /home/gddcarvalho/.rvm/rubies/ruby-2.1.4/lib/ruby/2.1.0/webrick/server.rb:295:in `block in start_thread'


  Rendered /home/gddcarvalho/.rvm/gems/ruby-2.1.4/gems/actionpack-4.1.8/lib/action_dispatch/middleware/templates/rescues/_trace.html.erb (4.7ms)
  Rendered /home/gddcarvalho/.rvm/gems/ruby-2.1.4/gems/actionpack-4.1.8/lib/action_dispatch/middleware/templates/routes/_route.html.erb (4.0ms)
  Rendered /home/gddcarvalho/.rvm/gems/ruby-2.1.4/gems/actionpack-4.1.8/lib/action_dispatch/middleware/templates/routes/_table.html.erb (3.0ms)
  Rendered /home/gddcarvalho/.rvm/gems/ruby-2.1.4/gems/actionpack-4.1.8/lib/action_dispatch/middleware/templates/rescues/routing_error.html.erb within rescues/layout (42.2ms)


Started GET "/main.js" for 127.0.0.1 at 2015-04-05 22:20:28 -0300

ActionController::RoutingError (No route matches [GET] "/main.js"):
  actionpack (4.1.8) lib/action_dispatch/middleware/debug_exceptions.rb:21:in `call'
  actionpack (4.1.8) lib/action_dispatch/middleware/show_exceptions.rb:30:in `call'
  railties (4.1.8) lib/rails/rack/logger.rb:38:in `call_app'
  railties (4.1.8) lib/rails/rack/logger.rb:20:in `block in call'
  activesupport (4.1.8) lib/active_support/tagged_logging.rb:68:in `block in tagged'
  activesupport (4.1.8) lib/active_support/tagged_logging.rb:26:in `tagged'
  activesupport (4.1.8) lib/active_support/tagged_logging.rb:68:in `tagged'
  railties (4.1.8) lib/rails/rack/logger.rb:20:in `call'
  actionpack (4.1.8) lib/action_dispatch/middleware/request_id.rb:21:in `call'
  rack (1.5.2) lib/rack/methodoverride.rb:21:in `call'
  rack (1.5.2) lib/rack/runtime.rb:17:in `call'
  activesupport (4.1.8) lib/active_support/cache/strategy/local_cache_middleware.rb:26:in `call'
  rack (1.5.2) lib/rack/lock.rb:17:in `call'
  actionpack (4.1.8) lib/action_dispatch/middleware/static.rb:84:in `call'
  rack (1.5.2) lib/rack/sendfile.rb:112:in `call'
  railties (4.1.8) lib/rails/engine.rb:514:in `call'
  railties (4.1.8) lib/rails/application.rb:144:in `call'
  rack (1.5.2) lib/rack/lock.rb:17:in `call'
  rack (1.5.2) lib/rack/content_length.rb:14:in `call'
  rack (1.5.2) lib/rack/handler/webrick.rb:60:in `service'
  /home/gddcarvalho/.rvm/rubies/ruby-2.1.4/lib/ruby/2.1.0/webrick/httpserver.rb:138:in `service'
  /home/gddcarvalho/.rvm/rubies/ruby-2.1.4/lib/ruby/2.1.0/webrick/httpserver.rb:94:in `run'
  /home/gddcarvalho/.rvm/rubies/ruby-2.1.4/lib/ruby/2.1.0/webrick/server.rb:295:in `block in start_thread'


  Rendered /home/gddcarvalho/.rvm/gems/ruby-2.1.4/gems/actionpack-4.1.8/lib/action_dispatch/middleware/templates/rescues/_trace.html.erb (3.4ms)
  Rendered /home/gddcarvalho/.rvm/gems/ruby-2.1.4/gems/actionpack-4.1.8/lib/action_dispatch/middleware/templates/routes/_route.html.erb (1.9ms)
  Rendered /home/gddcarvalho/.rvm/gems/ruby-2.1.4/gems/actionpack-4.1.8/lib/action_dispatch/middleware/templates/routes/_table.html.erb (4.2ms)
  Rendered /home/gddcarvalho/.rvm/gems/ruby-2.1.4/gems/actionpack-4.1.8/lib/action_dispatch/middleware/templates/rescues/routing_error.html.erb within rescues/layout (41.9ms)


Started GET "/assets/jquery.js?body=1" for 127.0.0.1 at 2015-04-05 22:20:29 -0300


Started GET "/assets/jquery_ujs.js?body=1" for 127.0.0.1 at 2015-04-05 22:20:29 -0300


Started GET "/assets/turbolinks.js?body=1" for 127.0.0.1 at 2015-04-05 22:20:29 -0300


Started GET "/assets/vigenere.js?body=1" for 127.0.0.1 at 2015-04-05 22:20:29 -0300


Started GET "/assets/welcome.js?body=1" for 127.0.0.1 at 2015-04-05 22:20:29 -0300


Started GET "/assets/application.js?body=1" for 127.0.0.1 at 2015-04-05 22:20:29 -0300
